<?xml version="1.0" encoding="UTF-8"?>
<!-- Generated by org.testng.reporters.JUnitXMLReporter -->
<testsuite ignored="2" hostname="DESKTOP-0ET8UQQ" failures="0" tests="1" name="Default test" time="0.077" errors="0" timestamp="2023-04-12T11:34:22 IST">
  <testcase classname="sample.Demo" name="drag" time="0.018"/>
  <testcase classname="sample.Demo" name="demo" time="0.0">
    <ignored/>
  </testcase> <!-- demo -->
  <testcase classname="sample.Demo" name="samp" time="0.0">
    <ignored/>
  </testcase> <!-- samp -->
</testsuite> <!-- Default test -->
