<?xml version="1.0" encoding="UTF-8"?>
<testng-results ignored="0" total="2" passed="2" failed="0" skipped="0">
  <reporter-output>
  </reporter-output>
  <suite started-at="2023-04-12T11:03:36 IST" name="Default suite" finished-at="2023-04-12T11:03:36 IST" duration-ms="227">
    <groups>
    </groups>
    <test started-at="2023-04-12T11:03:36 IST" name="Default test" finished-at="2023-04-12T11:03:36 IST" duration-ms="227">
      <class name="sample.Demo">
        <test-method signature="demo()[pri:0, instance:sample.Demo@159f197]" started-at="2023-04-12T11:03:36 IST" name="demo" finished-at="2023-04-12T11:03:36 IST" duration-ms="67" status="PASS">
          <reporter-output>
          </reporter-output>
        </test-method> <!-- demo -->
        <test-method signature="samp()[pri:0, instance:sample.Demo@159f197]" started-at="2023-04-12T11:03:36 IST" name="samp" finished-at="2023-04-12T11:03:36 IST" duration-ms="4" status="PASS">
          <reporter-output>
          </reporter-output>
        </test-method> <!-- samp -->
      </class> <!-- sample.Demo -->
    </test> <!-- Default test -->
  </suite> <!-- Default suite -->
</testng-results>
